2023-12-24 11:19:54,260 [INFO] Activator:176 - 


2023-12-24 11:19:54,262 [INFO] Activator:177 - !SESSION log4j initialized
2023-12-24 11:19:56,585 [INFO] LogOutputStream:77 - [STDOUT_REDIRECT] 
2023-12-24 11:20:07,968 [INFO] ApplicationProperties:184 - Using Application install path: C:\ST\STM32CubeIDE_1.14.0\STM32CubeIDE\plugins\com.st.stm32cube.common.mx_6.10.0.202311202037
2023-12-24 11:20:07,987 [INFO] DbMcusXml:78 - Set database path to: C:\ST\STM32CubeIDE_1.14.0\STM32CubeIDE\plugins\com.st.stm32cube.common.mx_6.10.0.202311202037\\db\/mcu/
2023-12-24 11:20:07,987 [INFO] ApiDb:274 - Set plugin database path to: C:\ST\STM32CubeIDE_1.14.0\STM32CubeIDE\plugins\com.st.stm32cube.common.mx_6.10.0.202311202037\\db\/plugins/boardmanager/
2023-12-24 11:20:07,994 [WARN] ApiDb:259 - Overriding images path with different value:  => C:\ST\STM32CubeIDE_1.14.0\STM32CubeIDE\plugins\com.st.stm32cube.common.mx_6.10.0.202311202037\\db\/plugins/mcufinder/images/
2023-12-24 11:20:08,000 [INFO] ApiDb:250 - Set database path to: C:\Users\patti\.stmcufinder\plugins\mcufinder//mcu/
2023-12-24 11:20:08,002 [INFO] DbMcusAds:125 - Set database path to: C:\Users\patti\.stmcufinder\plugins\mcufinder//mcu/
2023-12-24 11:20:08,019 [INFO] CrossReferenceDbSqlite:203 - Set database path to: C:\Users\patti\.stmcufinder\plugins\mcufinder//mcu/cs/
2023-12-24 11:20:08,112 [INFO] RulesReader:64 - Compatibility file has been processed (297 Rules)
2023-12-24 11:20:08,182 [INFO] DbMcusXml:78 - Set database path to: C:\ST\STM32CubeIDE_1.14.0\STM32CubeIDE\plugins\com.st.stm32cube.common.mx_6.10.0.202311202037\\db\/mcu/
2023-12-24 11:20:08,183 [INFO] ApiDb:274 - Set plugin database path to: C:\ST\STM32CubeIDE_1.14.0\STM32CubeIDE\plugins\com.st.stm32cube.common.mx_6.10.0.202311202037\\db\/plugins/boardmanager/
2023-12-24 11:20:08,183 [INFO] ApiDb:261 - Set plugin images path to: C:\ST\STM32CubeIDE_1.14.0\STM32CubeIDE\plugins\com.st.stm32cube.common.mx_6.10.0.202311202037\\db\/plugins/mcufinder/images/
2023-12-24 11:20:08,183 [WARN] DbFile:41 - Overriding database path with different value: C:\Users\patti\.stmcufinder\plugins\mcufinder/ => C:\Users\patti\.stmcufinder\plugins\mcufinder
2023-12-24 11:20:08,183 [INFO] ApiDb:250 - Set database path to: C:\Users\patti\.stmcufinder\plugins\mcufinder//mcu/
2023-12-24 11:20:08,183 [WARN] DbFile:41 - Overriding database path with different value: C:\Users\patti\.stmcufinder\plugins\mcufinder/ => C:\Users\patti\.stmcufinder\plugins\mcufinder
2023-12-24 11:20:08,183 [INFO] DbMcusAds:125 - Set database path to: C:\Users\patti\.stmcufinder\plugins\mcufinder//mcu/
2023-12-24 11:20:08,183 [WARN] DbFile:41 - Overriding database path with different value: C:\Users\patti\.stmcufinder\plugins\mcufinder/ => C:\Users\patti\.stmcufinder\plugins\mcufinder
2023-12-24 11:20:08,183 [WARN] DbFile:41 - Overriding database path with different value: C:\Users\patti\.stmcufinder\plugins\mcufinder/ => C:\Users\patti\.stmcufinder\plugins\mcufinder
2023-12-24 11:20:08,183 [INFO] CrossReferenceDbSqlite:203 - Set database path to: C:\Users\patti\.stmcufinder\plugins\mcufinder//mcu/cs/
2023-12-24 11:20:08,247 [INFO] MainPanel:264 - HeapMemory: 268435456
2023-12-24 11:20:08,310 [INFO] DbMcusXml:78 - Set database path to: C:\ST\STM32CubeIDE_1.14.0\STM32CubeIDE\plugins\com.st.stm32cube.common.mx_6.10.0.202311202037\\db\/mcu/
2023-12-24 11:20:08,311 [INFO] ApiDb:274 - Set plugin database path to: C:\ST\STM32CubeIDE_1.14.0\STM32CubeIDE\plugins\com.st.stm32cube.common.mx_6.10.0.202311202037\\db\/plugins/boardmanager/
2023-12-24 11:20:08,311 [INFO] ApiDb:261 - Set plugin images path to: C:\ST\STM32CubeIDE_1.14.0\STM32CubeIDE\plugins\com.st.stm32cube.common.mx_6.10.0.202311202037\\db\/plugins/mcufinder/images/
2023-12-24 11:20:08,311 [WARN] DbFile:41 - Overriding database path with different value: C:\Users\patti\.stmcufinder\plugins\mcufinder/ => C:\Users\patti\.stmcufinder\plugins\mcufinder
2023-12-24 11:20:08,311 [INFO] ApiDb:250 - Set database path to: C:\Users\patti\.stmcufinder\plugins\mcufinder//mcu/
2023-12-24 11:20:08,311 [WARN] DbFile:41 - Overriding database path with different value: C:\Users\patti\.stmcufinder\plugins\mcufinder/ => C:\Users\patti\.stmcufinder\plugins\mcufinder
2023-12-24 11:20:08,311 [INFO] DbMcusAds:125 - Set database path to: C:\Users\patti\.stmcufinder\plugins\mcufinder//mcu/
2023-12-24 11:20:08,311 [WARN] DbFile:41 - Overriding database path with different value: C:\Users\patti\.stmcufinder\plugins\mcufinder/ => C:\Users\patti\.stmcufinder\plugins\mcufinder
2023-12-24 11:20:08,311 [WARN] DbFile:41 - Overriding database path with different value: C:\Users\patti\.stmcufinder\plugins\mcufinder/ => C:\Users\patti\.stmcufinder\plugins\mcufinder
2023-12-24 11:20:08,311 [INFO] CrossReferenceDbSqlite:203 - Set database path to: C:\Users\patti\.stmcufinder\plugins\mcufinder//mcu/cs/
2023-12-24 11:20:08,326 [INFO] ApplicationProperties:184 - Using Application install path: C:\ST\STM32CubeIDE_1.14.0\STM32CubeIDE\plugins\com.st.stm32cube.common.mx_6.10.0.202311202037
2023-12-24 11:20:08,328 [INFO] PluginManage:196 - Search for loadable plugins [exclusion list=, ]
2023-12-24 11:20:08,330 [INFO] PluginManage:310 - Check plugin analytics
2023-12-24 11:20:08,501 [INFO] AnalyticsPlugin:253 - Accepted Software Licenses: 
2023-12-24 11:20:08,502 [INFO] AnalyticsPlugin:255 - Accepted CMSIS Pack Licenses: 
2023-12-24 11:20:08,502 [INFO] AnalyticsPlugin:257 - Accepted Firmware Licenses: FW.L4.1.18.0
2023-12-24 11:20:08,508 [INFO] PluginManage:359 - Loaded plugin analytics (category:tool,tabindex:-1)
2023-12-24 11:20:08,508 [INFO] PluginManage:310 - Check plugin cadmodel
2023-12-24 11:20:08,513 [INFO] CADModel:105 - Init CAD model plugin
2023-12-24 11:20:08,514 [INFO] PluginManage:359 - Loaded plugin cadmodel (category:power,tabindex:5)
2023-12-24 11:20:08,514 [INFO] PluginManage:310 - Check plugin clock
2023-12-24 11:20:08,528 [INFO] PluginManage:359 - Loaded plugin clock (category:base,tabindex:2)
2023-12-24 11:20:08,529 [INFO] PluginManage:310 - Check plugin ddr
2023-12-24 11:20:08,532 [INFO] PluginManage:359 - Loaded plugin ddr (category:tool,tabindex:6)
2023-12-24 11:20:08,532 [INFO] PluginManage:310 - Check plugin filemanager
2023-12-24 11:20:08,773 [INFO] PluginManage:359 - Loaded plugin filemanager (category:base,tabindex:10)
2023-12-24 11:20:08,773 [INFO] PluginManage:310 - Check plugin ipmanager
2023-12-24 11:20:08,784 [INFO] PluginManage:359 - Loaded plugin ipmanager (category:base,tabindex:5)
2023-12-24 11:20:08,784 [INFO] PluginManage:310 - Check plugin lpbam
2023-12-24 11:20:08,798 [INFO] PluginManage:359 - Loaded plugin lpbam (category:base,tabindex:0)
2023-12-24 11:20:08,798 [INFO] PluginManage:310 - Check plugin memorymap
2023-12-24 11:20:08,819 [INFO] PluginManage:359 - Loaded plugin memorymap (category:base,tabindex:4)
2023-12-24 11:20:08,819 [INFO] PluginManage:310 - Check plugin pinoutandconfiguration
2023-12-24 11:20:08,832 [INFO] PluginManage:359 - Loaded plugin pinoutandconfiguration (category:base,tabindex:1)
2023-12-24 11:20:08,832 [INFO] PluginManage:310 - Check plugin pinoutconfig
2023-12-24 11:20:08,956 [WARN] SupportedApi:132 - Cannot load RTOS API schema: s4s-elt-must-match.1: The content of 'definitions' must match (annotation?, (simpleType | complexType)?, (unique | key | keyref)*)). A problem was found starting at: attribute.
2023-12-24 11:20:09,098 [INFO] PluginManage:359 - Loaded plugin pinoutconfig (category:base,tabindex:0)
2023-12-24 11:20:09,098 [INFO] PluginManage:310 - Check plugin power
2023-12-24 11:20:09,106 [INFO] PluginManage:359 - Loaded plugin power (category:power,tabindex:4)
2023-12-24 11:20:09,106 [INFO] PluginManage:310 - Check plugin projectmanager
2023-12-24 11:20:09,126 [INFO] PluginManage:359 - Loaded plugin projectmanager (category:projectmanager,tabindex:3)
2023-12-24 11:20:09,126 [INFO] PluginManage:310 - Check plugin thirdparty
2023-12-24 11:20:09,317 [INFO] PluginManage:359 - Loaded plugin thirdparty (category:base,tabindex:-1)
2023-12-24 11:20:09,317 [INFO] PluginManage:310 - Check plugin tools
2023-12-24 11:20:09,317 [WARN] IntegrityCheckThread:84 - waiting for thirdparty lock release [integrity check]
2023-12-24 11:20:09,318 [INFO] IntegrityCheckThread:86 - entering critical section [integrity check]
2023-12-24 11:20:09,319 [INFO] ThirdPartyUpdaterWithRetryManager:70 - Updater plugin not ready yet. [1/15]
2023-12-24 11:20:09,321 [INFO] PluginManage:359 - Loaded plugin tools (category:base,tabindex:7)
2023-12-24 11:20:09,321 [INFO] PluginManage:310 - Check plugin tutovideos
2023-12-24 11:20:09,522 [INFO] PluginManage:359 - Loaded plugin tutovideos (category:base,tabindex:-1)
2023-12-24 11:20:09,522 [INFO] PluginManage:310 - Check plugin updater
2023-12-24 11:20:09,532 [INFO] PluginManage:359 - Loaded plugin updater (category:base,tabindex:12)
2023-12-24 11:20:09,532 [INFO] PluginManage:310 - Check plugin userauth
2023-12-24 11:20:09,537 [INFO] UserAuth:114 - Init User Auth plugin
2023-12-24 11:20:09,538 [INFO] PluginManage:359 - Loaded plugin userauth (category:base,tabindex:14)
2023-12-24 11:20:09,538 [INFO] PluginManage:283 - PluginManage : Loaded plugins [17]
2023-12-24 11:20:09,754 [INFO] PinOutPanel:1499 - setPackage(No Configuration,No Configuration)
2023-12-24 11:20:09,824 [INFO] CADModel:165 - CPN selected for project level
2023-12-24 11:20:09,824 [INFO] CADModel:114 - Register for checkConnection events
2023-12-24 11:20:09,839 [INFO] IPUIPlugin:80 - create IPUIPlugin
2023-12-24 11:20:09,839 [INFO] PluginManager:220 - loadIPPluginJar : add adc
2023-12-24 11:20:09,842 [INFO] IPUIPlugin:80 - create IPUIPlugin
2023-12-24 11:20:09,842 [INFO] PluginManager:220 - loadIPPluginJar : add aes
2023-12-24 11:20:09,845 [INFO] IPUIPlugin:80 - create IPUIPlugin
2023-12-24 11:20:09,845 [INFO] PluginManager:220 - loadIPPluginJar : add can
2023-12-24 11:20:09,847 [INFO] IPUIPlugin:80 - create IPUIPlugin
2023-12-24 11:20:09,847 [INFO] PluginManager:220 - loadIPPluginJar : add comp
2023-12-24 11:20:09,849 [INFO] IPUIPlugin:80 - create IPUIPlugin
2023-12-24 11:20:09,849 [INFO] PluginManager:220 - loadIPPluginJar : add cryp
2023-12-24 11:20:09,852 [INFO] IPUIPlugin:80 - create IPUIPlugin
2023-12-24 11:20:09,852 [INFO] PluginManager:220 - loadIPPluginJar : add dfsdm
2023-12-24 11:20:09,857 [INFO] IPUIPlugin:80 - create IPUIPlugin
2023-12-24 11:20:09,857 [INFO] PluginManager:220 - loadIPPluginJar : add dma
2023-12-24 11:20:09,859 [INFO] IPUIPlugin:80 - create IPUIPlugin
2023-12-24 11:20:09,859 [INFO] PluginManager:220 - loadIPPluginJar : add dma3
2023-12-24 11:20:09,861 [INFO] IPUIPlugin:80 - create IPUIPlugin
2023-12-24 11:20:09,861 [INFO] PluginManager:220 - loadIPPluginJar : add fatfs
2023-12-24 11:20:09,865 [INFO] IPUIPlugin:80 - create IPUIPlugin
2023-12-24 11:20:09,865 [INFO] PluginManager:220 - loadIPPluginJar : add fmc
2023-12-24 11:20:09,869 [INFO] IPUIPlugin:80 - create IPUIPlugin
2023-12-24 11:20:09,869 [INFO] PluginManager:220 - loadIPPluginJar : add freertos
2023-12-24 11:20:09,871 [INFO] IPUIPlugin:80 - create IPUIPlugin
2023-12-24 11:20:09,871 [INFO] PluginManager:220 - loadIPPluginJar : add genericplugin
2023-12-24 11:20:09,872 [INFO] IPUIPlugin:80 - create IPUIPlugin
2023-12-24 11:20:09,874 [INFO] PluginManager:220 - loadIPPluginJar : add gfxmmu
2023-12-24 11:20:09,877 [INFO] IPUIPlugin:80 - create IPUIPlugin
2023-12-24 11:20:09,878 [INFO] PluginManager:220 - loadIPPluginJar : add gic
2023-12-24 11:20:09,881 [INFO] IPUIPlugin:80 - create IPUIPlugin
2023-12-24 11:20:09,882 [INFO] PluginManager:220 - loadIPPluginJar : add gpio
2023-12-24 11:20:09,884 [INFO] IPUIPlugin:80 - create IPUIPlugin
2023-12-24 11:20:09,884 [INFO] PluginManager:220 - loadIPPluginJar : add gtzc
2023-12-24 11:20:09,885 [INFO] IPUIPlugin:80 - create IPUIPlugin
2023-12-24 11:20:09,886 [INFO] PluginManager:220 - loadIPPluginJar : add hash
2023-12-24 11:20:09,888 [INFO] IPUIPlugin:80 - create IPUIPlugin
2023-12-24 11:20:09,888 [INFO] PluginManager:220 - loadIPPluginJar : add i2c
2023-12-24 11:20:09,890 [INFO] IPUIPlugin:80 - create IPUIPlugin
2023-12-24 11:20:09,890 [INFO] PluginManager:220 - loadIPPluginJar : add i2s
2023-12-24 11:20:09,893 [INFO] IPUIPlugin:80 - create IPUIPlugin
2023-12-24 11:20:09,893 [INFO] PluginManager:220 - loadIPPluginJar : add i3c
2023-12-24 11:20:09,896 [INFO] IPUIPlugin:80 - create IPUIPlugin
2023-12-24 11:20:09,896 [INFO] PluginManager:220 - loadIPPluginJar : add ipddr
2023-12-24 11:20:09,901 [INFO] IPUIPlugin:80 - create IPUIPlugin
2023-12-24 11:20:09,901 [INFO] PluginManager:220 - loadIPPluginJar : add linkedlist
2023-12-24 11:20:09,903 [INFO] IPUIPlugin:80 - create IPUIPlugin
2023-12-24 11:20:09,904 [INFO] PluginManager:220 - loadIPPluginJar : add lorawan
2023-12-24 11:20:09,905 [INFO] IPUIPlugin:80 - create IPUIPlugin
2023-12-24 11:20:09,906 [INFO] PluginManager:220 - loadIPPluginJar : add ltdc
2023-12-24 11:20:09,910 [INFO] IPUIPlugin:80 - create IPUIPlugin
2023-12-24 11:20:09,910 [INFO] PluginManager:220 - loadIPPluginJar : add mdma
2023-12-24 11:20:09,915 [INFO] IPUIPlugin:80 - create IPUIPlugin
2023-12-24 11:20:09,915 [INFO] PluginManager:220 - loadIPPluginJar : add nvic
2023-12-24 11:20:09,918 [INFO] IPUIPlugin:80 - create IPUIPlugin
2023-12-24 11:20:09,918 [INFO] PluginManager:220 - loadIPPluginJar : add opamp
2023-12-24 11:20:09,920 [INFO] IPUIPlugin:80 - create IPUIPlugin
2023-12-24 11:20:09,921 [INFO] PluginManager:220 - loadIPPluginJar : add openamp
2023-12-24 11:20:09,923 [INFO] IPUIPlugin:80 - create IPUIPlugin
2023-12-24 11:20:09,923 [INFO] PluginManager:220 - loadIPPluginJar : add pdm2pcm
2023-12-24 11:20:09,928 [INFO] IPUIPlugin:80 - create IPUIPlugin
2023-12-24 11:20:09,930 [INFO] PluginManager:220 - loadIPPluginJar : add plateformsettings
2023-12-24 11:20:09,931 [INFO] IPUIPlugin:80 - create IPUIPlugin
2023-12-24 11:20:09,931 [INFO] PluginManager:220 - loadIPPluginJar : add quadspi
2023-12-24 11:20:09,934 [INFO] IPUIPlugin:80 - create IPUIPlugin
2023-12-24 11:20:09,934 [INFO] PluginManager:220 - loadIPPluginJar : add resmgrutility
2023-12-24 11:20:09,937 [INFO] IPUIPlugin:80 - create IPUIPlugin
2023-12-24 11:20:09,937 [INFO] PluginManager:220 - loadIPPluginJar : add sai
2023-12-24 11:20:09,939 [INFO] IPUIPlugin:80 - create IPUIPlugin
2023-12-24 11:20:09,939 [INFO] PluginManager:220 - loadIPPluginJar : add spi
2023-12-24 11:20:09,944 [INFO] IPUIPlugin:80 - create IPUIPlugin
2023-12-24 11:20:09,944 [INFO] PluginManager:220 - loadIPPluginJar : add stm32_wpan
2023-12-24 11:20:09,945 [INFO] IPUIPlugin:80 - create IPUIPlugin
2023-12-24 11:20:09,946 [INFO] PluginManager:220 - loadIPPluginJar : add tim
2023-12-24 11:20:09,949 [INFO] IPUIPlugin:80 - create IPUIPlugin
2023-12-24 11:20:09,949 [INFO] PluginManager:220 - loadIPPluginJar : add touchsensing
2023-12-24 11:20:09,951 [INFO] IPUIPlugin:80 - create IPUIPlugin
2023-12-24 11:20:09,951 [INFO] PluginManager:220 - loadIPPluginJar : add tracer_emb
2023-12-24 11:20:09,953 [INFO] IPUIPlugin:80 - create IPUIPlugin
2023-12-24 11:20:09,954 [INFO] PluginManager:220 - loadIPPluginJar : add ts
2023-12-24 11:20:09,956 [INFO] IPUIPlugin:80 - create IPUIPlugin
2023-12-24 11:20:09,956 [INFO] PluginManager:220 - loadIPPluginJar : add tsc
2023-12-24 11:20:09,957 [INFO] IPUIPlugin:80 - create IPUIPlugin
2023-12-24 11:20:09,958 [INFO] PluginManager:220 - loadIPPluginJar : add ucpd
2023-12-24 11:20:09,960 [INFO] IPUIPlugin:80 - create IPUIPlugin
2023-12-24 11:20:09,960 [INFO] PluginManager:220 - loadIPPluginJar : add usart
2023-12-24 11:20:09,963 [INFO] IPUIPlugin:80 - create IPUIPlugin
2023-12-24 11:20:09,963 [INFO] PluginManager:220 - loadIPPluginJar : add usbx
2023-12-24 11:20:10,090 [INFO] CADModel:165 - CPN selected for project level
2023-12-24 11:20:10,090 [INFO] CADModel:114 - Register for checkConnection events
2023-12-24 11:20:10,091 [FATAL] Updater:308 - Updater called before beeing initialized
2023-12-24 11:20:10,091 [ERROR] CADModel:125 - Updater not yet initialized, retry later 
2023-12-24 11:20:10,243 [INFO] CADModel:165 - CPN selected for project level
2023-12-24 11:20:10,244 [INFO] CADModel:114 - Register for checkConnection events
2023-12-24 11:20:10,244 [FATAL] Updater:308 - Updater called before beeing initialized
2023-12-24 11:20:10,244 [ERROR] CADModel:125 - Updater not yet initialized, retry later 
2023-12-24 11:20:10,246 [FATAL] Updater:308 - Updater called before beeing initialized
2023-12-24 11:20:10,347 [FATAL] Updater:308 - Updater called before beeing initialized
2023-12-24 11:20:10,351 [INFO] DbMcusAds:53 - JSON generation date=Wed Nov 29 11:52:27 CET 2023 (1701255147349)
2023-12-24 11:20:10,351 [FATAL] Updater:308 - Updater called before beeing initialized
2023-12-24 11:20:10,381 [WARN] DetailPanel:346 - Failed to get advertising image, set to default
2023-12-24 11:20:10,473 [FATAL] Updater:308 - Updater called before beeing initialized
2023-12-24 11:20:10,475 [FATAL] Updater:308 - Updater called before beeing initialized
2023-12-24 11:20:10,475 [FATAL] Updater:308 - Updater called before beeing initialized
2023-12-24 11:20:10,475 [WARN] DetailPanel:346 - Failed to get advertising image, set to default
2023-12-24 11:20:10,476 [FATAL] Updater:308 - Updater called before beeing initialized
2023-12-24 11:20:10,525 [ERROR] Updater:1120 - MainUpdater not yet initialized. External WinMGr cannot be set.
2023-12-24 11:20:10,527 [INFO] Updater:1056 - Updater Version found : 6.10.0
2023-12-24 11:20:10,550 [INFO] ApplicationProperties:184 - Using Application install path: C:\ST\STM32CubeIDE_1.14.0\STM32CubeIDE\plugins\com.st.stm32cube.common.mx_6.10.0.202311202037
2023-12-24 11:20:12,120 [ERROR] LogOutputStream:75 - [STDERR_REDIRECT] Dec 24, 2023 11:20:12 AM java.util.prefs.WindowsPreferences <init>
2023-12-24 11:20:12,122 [ERROR] LogOutputStream:75 - [STDERR_REDIRECT] WARNING: Could not open/create prefs root node Software\JavaSoft\Prefs at root 0xffffffff80000002. Windows RegCreateKeyEx(...) returned error code 5.
2023-12-24 11:20:12,122 [ERROR] LogOutputStream:75 - [STDERR_REDIRECT] 
2023-12-24 11:20:12,319 [INFO] ThirdPartyUpdaterWithRetryManager:70 - Updater plugin not ready yet. [2/15]
2023-12-24 11:20:12,374 [INFO] MainUpdater:2873 - connection check result : 10
2023-12-24 11:20:12,375 [INFO] MainUpdater:290 - Updater Check For Update Now.
2023-12-24 11:20:12,375 [INFO] MicroXplorer:498 - Change Database Version : DB.6.0.100
2023-12-24 11:20:12,384 [INFO] McuFinderGlobals:63 - Set McuFinder mode to 2 (CubeIDE integrated)
2023-12-24 11:20:12,543 [INFO] CheckServerUpdateThread:120 - End of CheckServer Thread
2023-12-24 11:20:12,735 [INFO] UserAuth:404 - Internet connection configuration mode: 1
2023-12-24 11:20:12,745 [INFO] JxBrowserEngine:152 - Initiate JxBrowser Engine with user profile folder
2023-12-24 11:20:13,244 [INFO] WebApp:161 - Instantiating new browser for Auth
2023-12-24 11:20:13,719 [INFO] WebApp:780 - Register for checkConnection events
2023-12-24 11:20:13,719 [INFO] WebApp:414 - Apply proxy settings
2023-12-24 11:20:13,719 [INFO] WebApp:499 - Chromium requires no authentication
2023-12-24 11:20:13,725 [INFO] WebApp:442 - Direct internet connection detected
2023-12-24 11:20:13,849 [INFO] WebApp:192 - Starting web application
2023-12-24 11:20:13,849 [INFO] WebApp:544 - Web application path used C:\ST\STM32CubeIDE_1.14.0\STM32CubeIDE\plugins\com.st.stm32cube.common.mx_6.10.0.202311202037\db\plugins\mcufinder\reactClient1\index.html
2023-12-24 11:20:15,482 [WARN] PackLoader:240 - Cannot read IP mode file for STMicroelectronics.X-CUBE-SMBUS.2.1.0
2023-12-24 11:20:15,491 [WARN] PackLoader:240 - Cannot read IP mode file for STMicroelectronics.X-CUBE-TOUCHGFX.4.23.0
2023-12-24 11:20:15,548 [WARN] PackLoader:240 - Cannot read IP mode file for STMicroelectronics.X-CUBE-AZRTOS-F7.1.1.0
2023-12-24 11:20:15,562 [WARN] PackLoader:240 - Cannot read IP mode file for STMicroelectronics.FP-SNS-MOTENV1.4.3.2
2023-12-24 11:20:15,577 [WARN] PackLoader:240 - Cannot read IP mode file for STMicroelectronics.FP-SNS-FLIGHT1.5.0.1
2023-12-24 11:20:15,591 [WARN] PackLoader:240 - Cannot read IP mode file for STMicroelectronics.X-CUBE-BLE1.6.2.4
2023-12-24 11:20:15,601 [WARN] PackLoader:240 - Cannot read IP mode file for STMicroelectronics.FP-SNS-FLIGHT1.5.0.2
2023-12-24 11:20:15,617 [WARN] PackLoader:240 - Cannot read IP mode file for STMicroelectronics.X-CUBE-DISPLAY.3.0.0
2023-12-24 11:20:15,637 [WARN] PackLoader:240 - Cannot read IP mode file for STMicroelectronics.X-CUBE-BLE1.7.0.0
2023-12-24 11:20:15,647 [WARN] PackLoader:240 - Cannot read IP mode file for emotas.I-CUBE-CANOPEN.1.3.0
2023-12-24 11:20:15,656 [WARN] PackLoader:240 - Cannot read IP mode file for STMicroelectronics.X-CUBE-TOUCHGFX.4.22.0
2023-12-24 11:20:15,666 [WARN] PackLoader:240 - Cannot read IP mode file for STMicroelectronics.FP-SNS-SMARTAG2.1.2.0
2023-12-24 11:20:15,681 [INFO] LogOutputStream:77 - [STDOUT_REDIRECT] 1 : Invalid condition id : UX_CORESTACK_Condition cause : null
2023-12-24 11:20:15,683 [INFO] LogOutputStream:77 - [STDOUT_REDIRECT] 1 : Invalid condition id : UX_CORESTACK_Condition cause : null
2023-12-24 11:20:15,685 [INFO] LogOutputStream:77 - [STDOUT_REDIRECT] 1 : Invalid condition id : UX_CORESTACK_Condition cause : null
2023-12-24 11:20:15,687 [INFO] LogOutputStream:77 - [STDOUT_REDIRECT] 1 : Invalid condition id : UX_CORESTACK_Condition cause : null
2023-12-24 11:20:15,688 [INFO] LogOutputStream:77 - [STDOUT_REDIRECT] 1 : Invalid condition id : UX_CORESTACK_Condition cause : null
2023-12-24 11:20:15,693 [WARN] PackLoader:240 - Cannot read IP mode file for STMicroelectronics.X-CUBE-AZRTOS-WL.2.0.0
2023-12-24 11:20:15,710 [WARN] PackLoader:240 - Cannot read IP mode file for WES.I-CUBE-Cesium.1.3.0
2023-12-24 11:20:15,721 [WARN] PackLoader:240 - Cannot read IP mode file for STMicroelectronics.X-CUBE-BLE2.3.3.0
2023-12-24 11:20:15,729 [WARN] PackLoader:240 - Cannot read IP mode file for STMicroelectronics.X-CUBE-ALGOBUILD.1.3.0
2023-12-24 11:20:15,760 [WARN] PackLoader:240 - Cannot read IP mode file for STMicroelectronics.X-CUBE-AZRTOS-G0.1.1.0
2023-12-24 11:20:15,777 [WARN] PackLoader:240 - Cannot read IP mode file for STMicroelectronics.X-CUBE-NFC4.3.0.0
2023-12-24 11:20:15,809 [WARN] PackLoader:240 - Cannot read IP mode file for STMicroelectronics.X-CUBE-BLEMGR.3.0.0
2023-12-24 11:20:15,821 [WARN] PackLoader:240 - Cannot read IP mode file for STMicroelectronics.FP-ATR-SIGFOX1.3.2.0
2023-12-24 11:20:15,885 [WARN] PackLoader:240 - Cannot read IP mode file for SEGGER.I-CUBE-embOS.1.3.1
2023-12-24 11:20:15,941 [WARN] PackLoader:240 - Cannot read IP mode file for STMicroelectronics.X-CUBE-GNSS1.6.0.0
2023-12-24 11:20:15,965 [WARN] PackLoader:240 - Cannot read IP mode file for STMicroelectronics.X-CUBE-AZRTOS-F4.1.1.0
2023-12-24 11:20:15,976 [WARN] PackLoader:240 - Cannot read IP mode file for wolfSSL.I-CUBE-wolfSSL.5.6.3
2023-12-24 11:20:15,998 [WARN] PackLoader:240 - Cannot read IP mode file for STMicroelectronics.X-CUBE-AZRTOS-L5.2.0.0
2023-12-24 11:20:16,053 [WARN] PackLoader:240 - Cannot read IP mode file for STMicroelectronics.X-CUBE-MEMS1.9.6.0
2023-12-24 11:20:16,257 [WARN] PackLoader:240 - Cannot read IP mode file for STMicroelectronics.X-CUBE-EEPRMA1.4.2.0
2023-12-24 11:20:16,267 [WARN] PackLoader:240 - Cannot read IP mode file for ITTIA_DB.I-CUBE-ITTIADB.8.8.0
2023-12-24 11:20:16,276 [WARN] PackLoader:240 - Cannot read IP mode file for STMicroelectronics.X-CUBE-BLEMGR.2.0.0
2023-12-24 11:20:16,302 [WARN] ConditionMgr:438 - getConditionDescription Invalid condition id : UX DEVICE CLASS RTOS Condition cause : null
2023-12-24 11:20:16,303 [WARN] ConditionMgr:438 - getConditionDescription Invalid condition id : UX DEVICE CLASS RTOS Condition cause : null
2023-12-24 11:20:16,307 [WARN] PackLoader:240 - Cannot read IP mode file for STMicroelectronics.X-CUBE-AZRTOS-H7.3.1.0
2023-12-24 11:20:16,308 [WARN] ConditionMgr:1039 - genDependencies : Invalid condition id : UX DEVICE CLASS RTOS Condition cause : null
2023-12-24 11:20:16,309 [WARN] ConditionMgr:1039 - genDependencies : Invalid condition id : UX DEVICE CLASS RTOS Condition cause : null
2023-12-24 11:20:16,310 [WARN] ConditionMgr:1039 - genDependencies : Invalid condition id : UX DEVICE CLASS RTOS Condition cause : null
2023-12-24 11:20:16,311 [WARN] ConditionMgr:1039 - genDependencies : Invalid condition id : UX DEVICE CLASS RTOS Condition cause : null
2023-12-24 11:20:16,311 [WARN] ConditionMgr:1039 - genDependencies : Invalid condition id : UX DEVICE CLASS RTOS Condition cause : null
2023-12-24 11:20:16,324 [WARN] PackLoader:240 - Cannot read IP mode file for STMicroelectronics.X-CUBE-NFC7.1.0.1
2023-12-24 11:20:16,336 [WARN] PackLoader:240 - Cannot read IP mode file for STMicroelectronics.X-CUBE-NFC6.3.0.0
2023-12-24 11:20:16,345 [WARN] PackLoader:240 - Cannot read IP mode file for STMicroelectronics.X-CUBE-EEPRMA1.4.1.0
2023-12-24 11:20:16,354 [WARN] PackLoader:240 - Cannot read IP mode file for STMicroelectronics.X-CUBE-AI.8.1.0
2023-12-24 11:20:16,375 [WARN] ConditionMgr:438 - getConditionDescription Invalid condition id : LAN8742 Phy interface Condition cause : null
2023-12-24 11:20:16,376 [WARN] PackLoader:240 - Cannot read IP mode file for STMicroelectronics.X-CUBE-AZRTOS-L4.2.0.0
2023-12-24 11:20:16,378 [WARN] ConditionMgr:1039 - genDependencies : Invalid condition id : LAN8742 Phy interface Condition cause : null
2023-12-24 11:20:16,379 [WARN] ConditionMgr:1039 - genDependencies : Invalid condition id : LAN8742 Phy interface Condition cause : null
2023-12-24 11:20:16,381 [WARN] ConditionMgr:1039 - genDependencies : Invalid condition id : LAN8742 Phy interface Condition cause : null
2023-12-24 11:20:16,394 [WARN] PackLoader:240 - Cannot read IP mode file for STMicroelectronics.X-CUBE-SFXS2LP1.4.0.0
2023-12-24 11:20:16,407 [WARN] PackLoader:240 - Cannot read IP mode file for STMicroelectronics.X-CUBE-ISPU.1.1.0
2023-12-24 11:20:16,426 [WARN] ConditionMgr:438 - getConditionDescription Invalid condition id : UX DEVICE CLASS RTOS Condition cause : null
2023-12-24 11:20:16,427 [WARN] ConditionMgr:438 - getConditionDescription Invalid condition id : UX DEVICE CLASS RTOS Condition cause : null
2023-12-24 11:20:16,429 [WARN] PackLoader:240 - Cannot read IP mode file for STMicroelectronics.X-CUBE-AZRTOS-WB.2.0.0
2023-12-24 11:20:16,437 [WARN] ConditionMgr:1039 - genDependencies : Invalid condition id : UX DEVICE CLASS RTOS Condition cause : null
2023-12-24 11:20:16,437 [WARN] ConditionMgr:1039 - genDependencies : Invalid condition id : UX DEVICE CLASS RTOS Condition cause : null
2023-12-24 11:20:16,439 [WARN] ConditionMgr:1039 - genDependencies : Invalid condition id : UX DEVICE CLASS RTOS Condition cause : null
2023-12-24 11:20:16,440 [WARN] ConditionMgr:1039 - genDependencies : Invalid condition id : UX DEVICE CLASS RTOS Condition cause : null
2023-12-24 11:20:16,441 [WARN] ConditionMgr:1039 - genDependencies : Invalid condition id : UX DEVICE CLASS RTOS Condition cause : null
2023-12-24 11:20:16,450 [WARN] PackLoader:240 - Cannot read IP mode file for STMicroelectronics.X-CUBE-FREERTOS.1.0.1
2023-12-24 11:20:16,472 [WARN] PackLoader:240 - Cannot read IP mode file for STMicroelectronics.X-CUBE-AZRTOS-L5.1.1.0
2023-12-24 11:20:16,480 [WARN] PackLoader:240 - Cannot read IP mode file for STMicroelectronics.X-CUBE-AI.8.0.1
2023-12-24 11:20:16,502 [WARN] PackLoader:240 - Cannot read IP mode file for STMicroelectronics.X-CUBE-SUBG2.5.0.0
2023-12-24 11:20:16,528 [WARN] PackLoader:240 - Cannot read IP mode file for STMicroelectronics.X-CUBE-TOF1.3.3.1
2023-12-24 11:20:16,562 [WARN] PackLoader:240 - Cannot read IP mode file for STMicroelectronics.X-CUBE-AZRTOS-G4.2.0.0
2023-12-24 11:20:16,580 [WARN] PackLoader:240 - Cannot read IP mode file for Infineon.AIROC-Wi-Fi-Bluetooth-STM32.1.5.1
2023-12-24 11:20:16,597 [WARN] PackLoader:240 - Cannot read IP mode file for STMicroelectronics.FP-SNS-MOTENVWB1.1.3.1
2023-12-24 11:20:16,606 [WARN] PackLoader:240 - Cannot read IP mode file for STMicroelectronics.X-CUBE-ISPU.2.0.0
2023-12-24 11:20:16,653 [WARN] PackLoader:240 - Cannot read IP mode file for STMicroelectronics.X-CUBE-MEMS1.10.0.0
2023-12-24 11:20:16,771 [WARN] PackLoader:240 - Cannot read IP mode file for STMicroelectronics.X-CUBE-FREERTOS.1.1.0
2023-12-24 11:20:16,781 [WARN] PackLoader:240 - Cannot read IP mode file for portGmbH.I-Cube-SoM-uGOAL.1.1.0
2023-12-24 11:20:16,789 [WARN] PackLoader:240 - Cannot read IP mode file for STMicroelectronics.X-CUBE-ALS.1.0.1
2023-12-24 11:20:16,807 [WARN] PackLoader:240 - Cannot read IP mode file for STMicroelectronics.X-CUBE-AZRTOS-WB.1.1.0
2023-12-24 11:20:16,816 [WARN] PackLoader:240 - Cannot read IP mode file for STMicroelectronics.FP-ATR-ASTRA1.2.0.0
2023-12-24 11:20:16,826 [WARN] PackLoader:240 - Cannot read IP mode file for STMicroelectronics.X-CUBE-TOF1.3.4.0
2023-12-24 11:20:16,857 [WARN] PackLoader:240 - Cannot read IP mode file for STMicroelectronics.X-CUBE-AZRTOS-H7.3.2.0
2023-12-24 11:20:16,861 [INFO] ThirdParty:978 - Integrity check success = true
2023-12-24 11:20:16,862 [INFO] IntegrityCheckThread:100 - exiting critical section [integrity check]
2023-12-24 11:20:16,862 [INFO] IntegrityCheckThread:103 - End integrity checks thread
2023-12-24 11:20:34,530 [ERROR] LogOutputStream:75 - [STDERR_REDIRECT] SLF4J: Failed to load class "org.slf4j.impl.StaticLoggerBinder".
2023-12-24 11:20:34,532 [ERROR] LogOutputStream:75 - [STDERR_REDIRECT] SLF4J: Defaulting to no-operation (NOP) logger implementation
2023-12-24 11:20:34,533 [ERROR] LogOutputStream:75 - [STDERR_REDIRECT] SLF4J: See http://www.slf4j.org/codes.html#StaticLoggerBinder for further details.
2023-12-24 11:22:03,586 [ERROR] LogOutputStream:75 - [STDERR_REDIRECT] 
2023-12-24 11:22:03,586 [ERROR] LogOutputStream:75 - [STDERR_REDIRECT] 
